e:\教学\图形程序设计实践\week 1 参考资料\robotdemo\robotdemo\debug\robotdemo.obj
e:\教学\图形程序设计实践\week 1 参考资料\robotdemo\robotdemo\debug\vc100.pdb
e:\教学\图形程序设计实践\week 1 参考资料\robotdemo\debug\robotdemo.exe
e:\教学\图形程序设计实践\week 1 参考资料\robotdemo\robotdemo\debug\robotdemo.exe.intermediate.manifest
e:\教学\图形程序设计实践\week 1 参考资料\robotdemo\debug\robotdemo.pdb
d:\大二下\计算机图形学实训\作业1参考代码2\参考代码\robotdemo\robotdemo\debug\robotdemo.obj
d:\大二下\计算机图形学实训\作业1参考代码2\参考代码\robotdemo\robotdemo\debug\cl.command.1.tlog
d:\大二下\计算机图形学实训\作业1参考代码2\参考代码\robotdemo\robotdemo\debug\cl.read.1.tlog
d:\大二下\计算机图形学实训\作业1参考代码2\参考代码\robotdemo\robotdemo\debug\cl.write.1.tlog
d:\大二下\计算机图形学实训\作业1参考代码2\参考代码\robotdemo\robotdemo\debug\link.command.1.tlog
d:\大二下\计算机图形学实训\作业1参考代码2\参考代码\robotdemo\robotdemo\debug\link.read.1.tlog
d:\大二下\计算机图形学实训\作业1参考代码2\参考代码\robotdemo\robotdemo\debug\link.write.1.tlog
d:\大二下\计算机图形学实训\作业1参考代码2\参考代码\robotdemo\robotdemo\debug\mt.command.1.tlog
d:\大二下\计算机图形学实训\作业1参考代码2\参考代码\robotdemo\robotdemo\debug\mt.read.1.tlog
d:\大二下\计算机图形学实训\作业1参考代码2\参考代码\robotdemo\robotdemo\debug\mt.write.1.tlog
d:\大二下\计算机图形学实训\作业1参考代码2\参考代码\robotdemo\robotdemo\debug\robotdemo.write.1.tlog
d:\大二下\计算机图形学实训\作业1参考代码2\参考代码\robotdemo\robotdemo\debug\robotdemo.exe.intermediate.manifest
d:\大二下\计算机图形学实训\作业1参考代码2\参考代码\robotdemo\robotdemo\debug\vc100.idb
d:\大二下\计算机图形学实训\作业1参考代码2\参考代码\robotdemo\robotdemo\debug\vc100.pdb
d:\大二下\计算机图形学实训\作业1参考代码2\参考代码\robotdemo\debug\robotdemo.pdb
d:\大二下\计算机图形学实训\作业1参考代码2\参考代码\robotdemo\debug\robotdemo.exe
