  canvas.cpp
D:\大二下\ComputerGraphicProject\Lesson2_Painter\Lesson2_Painter_ReferenceCode\Canvas\canvas.cpp(211,46): warning C4244: “参数”: 从“double”转换到“GLfloat”，可能丢失数据
D:\大二下\ComputerGraphicProject\Lesson2_Painter\Lesson2_Painter_ReferenceCode\Canvas\canvas.cpp(211,17): warning C4244: “参数”: 从“double”转换到“GLfloat”，可能丢失数据
D:\大二下\ComputerGraphicProject\Lesson2_Painter\Lesson2_Painter_ReferenceCode\Canvas\canvas.cpp(212,52): warning C4244: “参数”: 从“double”转换到“GLfloat”，可能丢失数据
D:\大二下\ComputerGraphicProject\Lesson2_Painter\Lesson2_Painter_ReferenceCode\Canvas\canvas.cpp(212,17): warning C4244: “参数”: 从“double”转换到“GLfloat”，可能丢失数据
D:\大二下\ComputerGraphicProject\Lesson2_Painter\Lesson2_Painter_ReferenceCode\Canvas\canvas.cpp(224,46): warning C4244: “参数”: 从“double”转换到“GLfloat”，可能丢失数据
D:\大二下\ComputerGraphicProject\Lesson2_Painter\Lesson2_Painter_ReferenceCode\Canvas\canvas.cpp(224,17): warning C4244: “参数”: 从“double”转换到“GLfloat”，可能丢失数据
D:\大二下\ComputerGraphicProject\Lesson2_Painter\Lesson2_Painter_ReferenceCode\Canvas\canvas.cpp(273,52): warning C4244: “参数”: 从“double”转换到“GLfloat”，可能丢失数据
D:\大二下\ComputerGraphicProject\Lesson2_Painter\Lesson2_Painter_ReferenceCode\Canvas\canvas.cpp(273,17): warning C4244: “参数”: 从“double”转换到“GLfloat”，可能丢失数据
D:\大二下\ComputerGraphicProject\Lesson2_Painter\Lesson2_Painter_ReferenceCode\Canvas\canvas.cpp(274,46): warning C4244: “参数”: 从“double”转换到“GLfloat”，可能丢失数据
D:\大二下\ComputerGraphicProject\Lesson2_Painter\Lesson2_Painter_ReferenceCode\Canvas\canvas.cpp(274,17): warning C4244: “参数”: 从“double”转换到“GLfloat”，可能丢失数据
D:\大二下\ComputerGraphicProject\Lesson2_Painter\Lesson2_Painter_ReferenceCode\Canvas\canvas.cpp(285,46): warning C4244: “参数”: 从“double”转换到“GLfloat”，可能丢失数据
D:\大二下\ComputerGraphicProject\Lesson2_Painter\Lesson2_Painter_ReferenceCode\Canvas\canvas.cpp(285,17): warning C4244: “参数”: 从“double”转换到“GLfloat”，可能丢失数据
D:\大二下\ComputerGraphicProject\Lesson2_Painter\Lesson2_Painter_ReferenceCode\Canvas\canvas.cpp(353,42): warning C4305: “参数”: 从“double”到“GLfloat”截断
D:\大二下\ComputerGraphicProject\Lesson2_Painter\Lesson2_Painter_ReferenceCode\Canvas\canvas.cpp(356,42): warning C4244: “参数”: 从“int”转换到“GLfloat”，可能丢失数据
D:\大二下\ComputerGraphicProject\Lesson2_Painter\Lesson2_Painter_ReferenceCode\Canvas\canvas.cpp(356,33): warning C4244: “参数”: 从“double”转换到“GLfloat”，可能丢失数据
D:\大二下\ComputerGraphicProject\Lesson2_Painter\Lesson2_Painter_ReferenceCode\Canvas\canvas.cpp(356,19): warning C4244: “参数”: 从“double”转换到“GLfloat”，可能丢失数据
D:\大二下\ComputerGraphicProject\Lesson2_Painter\Lesson2_Painter_ReferenceCode\Canvas\canvas.cpp(361,42): warning C4244: “参数”: 从“int”转换到“GLfloat”，可能丢失数据
D:\大二下\ComputerGraphicProject\Lesson2_Painter\Lesson2_Painter_ReferenceCode\Canvas\canvas.cpp(361,33): warning C4244: “参数”: 从“double”转换到“GLfloat”，可能丢失数据
D:\大二下\ComputerGraphicProject\Lesson2_Painter\Lesson2_Painter_ReferenceCode\Canvas\canvas.cpp(361,19): warning C4244: “参数”: 从“double”转换到“GLfloat”，可能丢失数据
D:\大二下\ComputerGraphicProject\Lesson2_Painter\Lesson2_Painter_ReferenceCode\Canvas\canvas.cpp(367,32): warning C4244: “参数”: 从“double”转换到“GLfloat”，可能丢失数据
D:\大二下\ComputerGraphicProject\Lesson2_Painter\Lesson2_Painter_ReferenceCode\Canvas\canvas.cpp(367,18): warning C4244: “参数”: 从“double”转换到“GLfloat”，可能丢失数据
D:\大二下\ComputerGraphicProject\Lesson2_Painter\Lesson2_Painter_ReferenceCode\Canvas\canvas.cpp(375,42): warning C4305: “参数”: 从“double”到“GLfloat”截断
D:\大二下\ComputerGraphicProject\Lesson2_Painter\Lesson2_Painter_ReferenceCode\Canvas\canvas.cpp(377,46): warning C4244: “参数”: 从“double”转换到“GLfloat”，可能丢失数据
D:\大二下\ComputerGraphicProject\Lesson2_Painter\Lesson2_Painter_ReferenceCode\Canvas\canvas.cpp(377,33): warning C4244: “参数”: 从“double”转换到“GLfloat”，可能丢失数据
D:\大二下\ComputerGraphicProject\Lesson2_Painter\Lesson2_Painter_ReferenceCode\Canvas\canvas.cpp(377,19): warning C4244: “参数”: 从“double”转换到“GLfloat”，可能丢失数据
D:\大二下\ComputerGraphicProject\Lesson2_Painter\Lesson2_Painter_ReferenceCode\Canvas\canvas.cpp(382,46): warning C4244: “参数”: 从“double”转换到“GLfloat”，可能丢失数据
D:\大二下\ComputerGraphicProject\Lesson2_Painter\Lesson2_Painter_ReferenceCode\Canvas\canvas.cpp(382,33): warning C4244: “参数”: 从“double”转换到“GLfloat”，可能丢失数据
D:\大二下\ComputerGraphicProject\Lesson2_Painter\Lesson2_Painter_ReferenceCode\Canvas\canvas.cpp(382,19): warning C4244: “参数”: 从“double”转换到“GLfloat”，可能丢失数据
D:\大二下\ComputerGraphicProject\Lesson2_Painter\Lesson2_Painter_ReferenceCode\Canvas\canvas.cpp(387,34): warning C4244: “参数”: 从“double”转换到“GLfloat”，可能丢失数据
D:\大二下\ComputerGraphicProject\Lesson2_Painter\Lesson2_Painter_ReferenceCode\Canvas\canvas.cpp(387,19): warning C4244: “参数”: 从“double”转换到“GLfloat”，可能丢失数据
D:\大二下\ComputerGraphicProject\Lesson2_Painter\Lesson2_Painter_ReferenceCode\Canvas\canvas.cpp(388,34): warning C4244: “参数”: 从“double”转换到“GLfloat”，可能丢失数据
D:\大二下\ComputerGraphicProject\Lesson2_Painter\Lesson2_Painter_ReferenceCode\Canvas\canvas.cpp(388,19): warning C4244: “参数”: 从“double”转换到“GLfloat”，可能丢失数据
D:\大二下\ComputerGraphicProject\Lesson2_Painter\Lesson2_Painter_ReferenceCode\Canvas\canvas.cpp(396,42): warning C4305: “参数”: 从“double”到“GLfloat”截断
D:\大二下\ComputerGraphicProject\Lesson2_Painter\Lesson2_Painter_ReferenceCode\Canvas\canvas.cpp(398,46): warning C4244: “参数”: 从“double”转换到“GLfloat”，可能丢失数据
D:\大二下\ComputerGraphicProject\Lesson2_Painter\Lesson2_Painter_ReferenceCode\Canvas\canvas.cpp(398,33): warning C4244: “参数”: 从“double”转换到“GLfloat”，可能丢失数据
D:\大二下\ComputerGraphicProject\Lesson2_Painter\Lesson2_Painter_ReferenceCode\Canvas\canvas.cpp(398,19): warning C4244: “参数”: 从“double”转换到“GLfloat”，可能丢失数据
D:\大二下\ComputerGraphicProject\Lesson2_Painter\Lesson2_Painter_ReferenceCode\Canvas\canvas.cpp(403,46): warning C4244: “参数”: 从“double”转换到“GLfloat”，可能丢失数据
D:\大二下\ComputerGraphicProject\Lesson2_Painter\Lesson2_Painter_ReferenceCode\Canvas\canvas.cpp(403,33): warning C4244: “参数”: 从“double”转换到“GLfloat”，可能丢失数据
D:\大二下\ComputerGraphicProject\Lesson2_Painter\Lesson2_Painter_ReferenceCode\Canvas\canvas.cpp(403,19): warning C4244: “参数”: 从“double”转换到“GLfloat”，可能丢失数据
D:\大二下\ComputerGraphicProject\Lesson2_Painter\Lesson2_Painter_ReferenceCode\Canvas\canvas.cpp(412,63): warning C4244: “参数”: 从“double”转换到“GLfloat”，可能丢失数据
D:\大二下\ComputerGraphicProject\Lesson2_Painter\Lesson2_Painter_ReferenceCode\Canvas\canvas.cpp(412,48): warning C4244: “参数”: 从“double”转换到“GLfloat”，可能丢失数据
D:\大二下\ComputerGraphicProject\Lesson2_Painter\Lesson2_Painter_ReferenceCode\Canvas\canvas.cpp(412,32): warning C4244: “参数”: 从“double”转换到“GLfloat”，可能丢失数据
D:\大二下\ComputerGraphicProject\Lesson2_Painter\Lesson2_Painter_ReferenceCode\Canvas\canvas.cpp(412,17): warning C4244: “参数”: 从“double”转换到“GLfloat”，可能丢失数据
D:\大二下\ComputerGraphicProject\Lesson2_Painter\Lesson2_Painter_ReferenceCode\Canvas\canvas.cpp(416,63): warning C4244: “参数”: 从“double”转换到“GLfloat”，可能丢失数据
D:\大二下\ComputerGraphicProject\Lesson2_Painter\Lesson2_Painter_ReferenceCode\Canvas\canvas.cpp(416,48): warning C4244: “参数”: 从“double”转换到“GLfloat”，可能丢失数据
D:\大二下\ComputerGraphicProject\Lesson2_Painter\Lesson2_Painter_ReferenceCode\Canvas\canvas.cpp(416,32): warning C4244: “参数”: 从“double”转换到“GLfloat”，可能丢失数据
D:\大二下\ComputerGraphicProject\Lesson2_Painter\Lesson2_Painter_ReferenceCode\Canvas\canvas.cpp(416,17): warning C4244: “参数”: 从“double”转换到“GLfloat”，可能丢失数据
D:\大二下\ComputerGraphicProject\Lesson2_Painter\Lesson2_Painter_ReferenceCode\Canvas\canvas.cpp(424,42): warning C4305: “参数”: 从“double”到“GLfloat”截断
D:\大二下\ComputerGraphicProject\Lesson2_Painter\Lesson2_Painter_ReferenceCode\Canvas\canvas.cpp(426,46): warning C4244: “参数”: 从“double”转换到“GLfloat”，可能丢失数据
D:\大二下\ComputerGraphicProject\Lesson2_Painter\Lesson2_Painter_ReferenceCode\Canvas\canvas.cpp(426,33): warning C4244: “参数”: 从“double”转换到“GLfloat”，可能丢失数据
D:\大二下\ComputerGraphicProject\Lesson2_Painter\Lesson2_Painter_ReferenceCode\Canvas\canvas.cpp(426,19): warning C4244: “参数”: 从“double”转换到“GLfloat”，可能丢失数据
D:\大二下\ComputerGraphicProject\Lesson2_Painter\Lesson2_Painter_ReferenceCode\Canvas\canvas.cpp(431,46): warning C4244: “参数”: 从“double”转换到“GLfloat”，可能丢失数据
D:\大二下\ComputerGraphicProject\Lesson2_Painter\Lesson2_Painter_ReferenceCode\Canvas\canvas.cpp(431,33): warning C4244: “参数”: 从“double”转换到“GLfloat”，可能丢失数据
D:\大二下\ComputerGraphicProject\Lesson2_Painter\Lesson2_Painter_ReferenceCode\Canvas\canvas.cpp(431,19): warning C4244: “参数”: 从“double”转换到“GLfloat”，可能丢失数据
D:\大二下\ComputerGraphicProject\Lesson2_Painter\Lesson2_Painter_ReferenceCode\Canvas\canvas.cpp(444,10): warning C4244: “初始化”: 从“double”转换到“float”，可能丢失数据
D:\大二下\ComputerGraphicProject\Lesson2_Painter\Lesson2_Painter_ReferenceCode\Canvas\canvas.cpp(445,10): warning C4244: “初始化”: 从“double”转换到“float”，可能丢失数据
D:\大二下\ComputerGraphicProject\Lesson2_Painter\Lesson2_Painter_ReferenceCode\Canvas\canvas.cpp(446,10): warning C4244: “初始化”: 从“double”转换到“float”，可能丢失数据
D:\大二下\ComputerGraphicProject\Lesson2_Painter\Lesson2_Painter_ReferenceCode\Canvas\canvas.cpp(455,52): warning C4244: “参数”: 从“double”转换到“GLfloat”，可能丢失数据
D:\大二下\ComputerGraphicProject\Lesson2_Painter\Lesson2_Painter_ReferenceCode\Canvas\canvas.cpp(455,17): warning C4244: “参数”: 从“double”转换到“GLfloat”，可能丢失数据
D:\大二下\ComputerGraphicProject\Lesson2_Painter\Lesson2_Painter_ReferenceCode\Canvas\canvas.cpp(456,46): warning C4244: “参数”: 从“double”转换到“GLfloat”，可能丢失数据
D:\大二下\ComputerGraphicProject\Lesson2_Painter\Lesson2_Painter_ReferenceCode\Canvas\canvas.cpp(456,17): warning C4244: “参数”: 从“double”转换到“GLfloat”，可能丢失数据
D:\大二下\ComputerGraphicProject\Lesson2_Painter\Lesson2_Painter_ReferenceCode\Canvas\canvas.cpp(466,46): warning C4244: “参数”: 从“double”转换到“GLfloat”，可能丢失数据
D:\大二下\ComputerGraphicProject\Lesson2_Painter\Lesson2_Painter_ReferenceCode\Canvas\canvas.cpp(466,17): warning C4244: “参数”: 从“double”转换到“GLfloat”，可能丢失数据
D:\大二下\ComputerGraphicProject\Lesson2_Painter\Lesson2_Painter_ReferenceCode\Canvas\canvas.cpp(475,42): warning C4305: “参数”: 从“double”到“GLfloat”截断
D:\大二下\ComputerGraphicProject\Lesson2_Painter\Lesson2_Painter_ReferenceCode\Canvas\canvas.cpp(477,46): warning C4244: “参数”: 从“double”转换到“GLfloat”，可能丢失数据
D:\大二下\ComputerGraphicProject\Lesson2_Painter\Lesson2_Painter_ReferenceCode\Canvas\canvas.cpp(477,33): warning C4244: “参数”: 从“double”转换到“GLfloat”，可能丢失数据
D:\大二下\ComputerGraphicProject\Lesson2_Painter\Lesson2_Painter_ReferenceCode\Canvas\canvas.cpp(477,19): warning C4244: “参数”: 从“double”转换到“GLfloat”，可能丢失数据
D:\大二下\ComputerGraphicProject\Lesson2_Painter\Lesson2_Painter_ReferenceCode\Canvas\canvas.cpp(482,46): warning C4244: “参数”: 从“double”转换到“GLfloat”，可能丢失数据
D:\大二下\ComputerGraphicProject\Lesson2_Painter\Lesson2_Painter_ReferenceCode\Canvas\canvas.cpp(482,33): warning C4244: “参数”: 从“double”转换到“GLfloat”，可能丢失数据
D:\大二下\ComputerGraphicProject\Lesson2_Painter\Lesson2_Painter_ReferenceCode\Canvas\canvas.cpp(482,19): warning C4244: “参数”: 从“double”转换到“GLfloat”，可能丢失数据
D:\大二下\ComputerGraphicProject\Lesson2_Painter\Lesson2_Painter_ReferenceCode\Canvas\canvas.cpp(487,53): warning C4244: “参数”: 从“double”转换到“GLfloat”，可能丢失数据
D:\大二下\ComputerGraphicProject\Lesson2_Painter\Lesson2_Painter_ReferenceCode\Canvas\canvas.cpp(487,28): warning C4244: “参数”: 从“double”转换到“GLfloat”，可能丢失数据
D:\大二下\ComputerGraphicProject\Lesson2_Painter\Lesson2_Painter_ReferenceCode\Canvas\canvas.cpp(488,54): warning C4244: “参数”: 从“double”转换到“GLfloat”，可能丢失数据
D:\大二下\ComputerGraphicProject\Lesson2_Painter\Lesson2_Painter_ReferenceCode\Canvas\canvas.cpp(488,29): warning C4244: “参数”: 从“double”转换到“GLfloat”，可能丢失数据
D:\大二下\ComputerGraphicProject\Lesson2_Painter\Lesson2_Painter_ReferenceCode\Canvas\canvas.cpp(489,51): warning C4244: “参数”: 从“double”转换到“GLfloat”，可能丢失数据
D:\大二下\ComputerGraphicProject\Lesson2_Painter\Lesson2_Painter_ReferenceCode\Canvas\canvas.cpp(489,26): warning C4244: “参数”: 从“double”转换到“GLfloat”，可能丢失数据
D:\大二下\ComputerGraphicProject\Lesson2_Painter\Lesson2_Painter_ReferenceCode\Canvas\canvas.cpp(490,54): warning C4244: “参数”: 从“double”转换到“GLfloat”，可能丢失数据
D:\大二下\ComputerGraphicProject\Lesson2_Painter\Lesson2_Painter_ReferenceCode\Canvas\canvas.cpp(490,29): warning C4244: “参数”: 从“double”转换到“GLfloat”，可能丢失数据
D:\大二下\ComputerGraphicProject\Lesson2_Painter\Lesson2_Painter_ReferenceCode\Canvas\canvas.cpp(491,53): warning C4244: “参数”: 从“double”转换到“GLfloat”，可能丢失数据
D:\大二下\ComputerGraphicProject\Lesson2_Painter\Lesson2_Painter_ReferenceCode\Canvas\canvas.cpp(491,28): warning C4244: “参数”: 从“double”转换到“GLfloat”，可能丢失数据
D:\大二下\ComputerGraphicProject\Lesson2_Painter\Lesson2_Painter_ReferenceCode\Canvas\canvas.cpp(498,42): warning C4305: “参数”: 从“double”到“GLfloat”截断
D:\大二下\ComputerGraphicProject\Lesson2_Painter\Lesson2_Painter_ReferenceCode\Canvas\canvas.cpp(500,46): warning C4244: “参数”: 从“double”转换到“GLfloat”，可能丢失数据
D:\大二下\ComputerGraphicProject\Lesson2_Painter\Lesson2_Painter_ReferenceCode\Canvas\canvas.cpp(500,33): warning C4244: “参数”: 从“double”转换到“GLfloat”，可能丢失数据
D:\大二下\ComputerGraphicProject\Lesson2_Painter\Lesson2_Painter_ReferenceCode\Canvas\canvas.cpp(500,19): warning C4244: “参数”: 从“double”转换到“GLfloat”，可能丢失数据
D:\大二下\ComputerGraphicProject\Lesson2_Painter\Lesson2_Painter_ReferenceCode\Canvas\canvas.cpp(505,46): warning C4244: “参数”: 从“double”转换到“GLfloat”，可能丢失数据
D:\大二下\ComputerGraphicProject\Lesson2_Painter\Lesson2_Painter_ReferenceCode\Canvas\canvas.cpp(505,33): warning C4244: “参数”: 从“double”转换到“GLfloat”，可能丢失数据
D:\大二下\ComputerGraphicProject\Lesson2_Painter\Lesson2_Painter_ReferenceCode\Canvas\canvas.cpp(505,19): warning C4244: “参数”: 从“double”转换到“GLfloat”，可能丢失数据
D:\大二下\ComputerGraphicProject\Lesson2_Painter\Lesson2_Painter_ReferenceCode\Canvas\canvas.cpp(518,10): warning C4244: “初始化”: 从“double”转换到“float”，可能丢失数据
D:\大二下\ComputerGraphicProject\Lesson2_Painter\Lesson2_Painter_ReferenceCode\Canvas\canvas.cpp(519,10): warning C4244: “初始化”: 从“double”转换到“float”，可能丢失数据
D:\大二下\ComputerGraphicProject\Lesson2_Painter\Lesson2_Painter_ReferenceCode\Canvas\canvas.cpp(520,10): warning C4244: “初始化”: 从“double”转换到“float”，可能丢失数据
D:\大二下\ComputerGraphicProject\Lesson2_Painter\Lesson2_Painter_ReferenceCode\Canvas\canvas.cpp(531,46): warning C4244: “参数”: 从“double”转换到“GLfloat”，可能丢失数据
D:\大二下\ComputerGraphicProject\Lesson2_Painter\Lesson2_Painter_ReferenceCode\Canvas\canvas.cpp(531,17): warning C4244: “参数”: 从“double”转换到“GLfloat”，可能丢失数据
D:\大二下\ComputerGraphicProject\Lesson2_Painter\Lesson2_Painter_ReferenceCode\Canvas\canvas.cpp(532,52): warning C4244: “参数”: 从“double”转换到“GLfloat”，可能丢失数据
D:\大二下\ComputerGraphicProject\Lesson2_Painter\Lesson2_Painter_ReferenceCode\Canvas\canvas.cpp(532,17): warning C4244: “参数”: 从“double”转换到“GLfloat”，可能丢失数据
D:\大二下\ComputerGraphicProject\Lesson2_Painter\Lesson2_Painter_ReferenceCode\Canvas\canvas.cpp(544,46): warning C4244: “参数”: 从“double”转换到“GLfloat”，可能丢失数据
D:\大二下\ComputerGraphicProject\Lesson2_Painter\Lesson2_Painter_ReferenceCode\Canvas\canvas.cpp(544,17): warning C4244: “参数”: 从“double”转换到“GLfloat”，可能丢失数据
D:\大二下\ComputerGraphicProject\Lesson2_Painter\Lesson2_Painter_ReferenceCode\Canvas\canvas.cpp(553,37): warning C4305: “参数”: 从“double”到“GLfloat”截断
D:\大二下\ComputerGraphicProject\Lesson2_Painter\Lesson2_Painter_ReferenceCode\Canvas\canvas.cpp(555,62): warning C4244: “参数”: 从“double”转换到“GLfloat”，可能丢失数据
D:\大二下\ComputerGraphicProject\Lesson2_Painter\Lesson2_Painter_ReferenceCode\Canvas\canvas.cpp(555,24): warning C4244: “参数”: 从“double”转换到“GLfloat”，可能丢失数据
D:\大二下\ComputerGraphicProject\Lesson2_Painter\Lesson2_Painter_ReferenceCode\Canvas\canvas.cpp(559,62): warning C4244: “参数”: 从“double”转换到“GLfloat”，可能丢失数据
D:\大二下\ComputerGraphicProject\Lesson2_Painter\Lesson2_Painter_ReferenceCode\Canvas\canvas.cpp(559,24): warning C4244: “参数”: 从“double”转换到“GLfloat”，可能丢失数据
D:\大二下\ComputerGraphicProject\Lesson2_Painter\Lesson2_Painter_ReferenceCode\Canvas\canvas.cpp(568,20): warning C4244: “参数”: 从“int”转换到“GLfloat”，可能丢失数据
D:\大二下\ComputerGraphicProject\Lesson2_Painter\Lesson2_Painter_ReferenceCode\Canvas\canvas.cpp(568,13): warning C4244: “参数”: 从“int”转换到“GLfloat”，可能丢失数据
D:\大二下\ComputerGraphicProject\Lesson2_Painter\Lesson2_Painter_ReferenceCode\Canvas\canvas.cpp(597,22): warning C4244: “参数”: 从“double”转换到“GLfloat”，可能丢失数据
D:\大二下\ComputerGraphicProject\Lesson2_Painter\Lesson2_Painter_ReferenceCode\Canvas\canvas.cpp(598,31): warning C4244: “参数”: 从“int”转换到“GLfloat”，可能丢失数据
D:\大二下\ComputerGraphicProject\Lesson2_Painter\Lesson2_Painter_ReferenceCode\Canvas\canvas.cpp(598,22): warning C4244: “参数”: 从“double”转换到“GLfloat”，可能丢失数据
D:\大二下\ComputerGraphicProject\Lesson2_Painter\Lesson2_Painter_ReferenceCode\Canvas\canvas.cpp(602,35): warning C4244: “参数”: 从“double”转换到“GLfloat”，可能丢失数据
D:\大二下\ComputerGraphicProject\Lesson2_Painter\Lesson2_Painter_ReferenceCode\Canvas\canvas.cpp(602,18): warning C4244: “参数”: 从“double”转换到“GLfloat”，可能丢失数据
D:\大二下\ComputerGraphicProject\Lesson2_Painter\Lesson2_Painter_ReferenceCode\Canvas\canvas.cpp(603,29): warning C4244: “参数”: 从“double”转换到“GLfloat”，可能丢失数据
D:\大二下\ComputerGraphicProject\Lesson2_Painter\Lesson2_Painter_ReferenceCode\Canvas\canvas.cpp(603,14): warning C4244: “参数”: 从“int”转换到“GLfloat”，可能丢失数据
D:\大二下\ComputerGraphicProject\Lesson2_Painter\Lesson2_Painter_ReferenceCode\Canvas\canvas.cpp(674,54): warning C4244: “参数”: 从“int”转换到“float”，可能丢失数据
D:\大二下\ComputerGraphicProject\Lesson2_Painter\Lesson2_Painter_ReferenceCode\Canvas\canvas.cpp(674,51): warning C4244: “参数”: 从“int”转换到“float”，可能丢失数据
D:\大二下\ComputerGraphicProject\Lesson2_Painter\Lesson2_Painter_ReferenceCode\Canvas\canvas.cpp(684,44): warning C4244: “参数”: 从“int”转换到“float”，可能丢失数据
D:\大二下\ComputerGraphicProject\Lesson2_Painter\Lesson2_Painter_ReferenceCode\Canvas\canvas.cpp(684,41): warning C4244: “参数”: 从“int”转换到“float”，可能丢失数据
D:\大二下\ComputerGraphicProject\Lesson2_Painter\Lesson2_Painter_ReferenceCode\Canvas\canvas.cpp(684,34): warning C4244: “参数”: 从“int”转换到“float”，可能丢失数据
D:\大二下\ComputerGraphicProject\Lesson2_Painter\Lesson2_Painter_ReferenceCode\Canvas\canvas.cpp(684,27): warning C4244: “参数”: 从“int”转换到“float”，可能丢失数据
D:\大二下\ComputerGraphicProject\Lesson2_Painter\Lesson2_Painter_ReferenceCode\Canvas\canvas.cpp(697,49): warning C4244: “参数”: 从“int”转换到“float”，可能丢失数据
D:\大二下\ComputerGraphicProject\Lesson2_Painter\Lesson2_Painter_ReferenceCode\Canvas\canvas.cpp(697,46): warning C4244: “参数”: 从“int”转换到“float”，可能丢失数据
D:\大二下\ComputerGraphicProject\Lesson2_Painter\Lesson2_Painter_ReferenceCode\Canvas\canvas.cpp(697,39): warning C4244: “参数”: 从“int”转换到“float”，可能丢失数据
D:\大二下\ComputerGraphicProject\Lesson2_Painter\Lesson2_Painter_ReferenceCode\Canvas\canvas.cpp(697,32): warning C4244: “参数”: 从“int”转换到“float”，可能丢失数据
D:\大二下\ComputerGraphicProject\Lesson2_Painter\Lesson2_Painter_ReferenceCode\Canvas\canvas.cpp(719,18): warning C4244: “初始化”: 从“double”转换到“float”，可能丢失数据
D:\大二下\ComputerGraphicProject\Lesson2_Painter\Lesson2_Painter_ReferenceCode\Canvas\canvas.cpp(720,18): warning C4244: “初始化”: 从“double”转换到“float”，可能丢失数据
D:\大二下\ComputerGraphicProject\Lesson2_Painter\Lesson2_Painter_ReferenceCode\Canvas\canvas.cpp(723,20): warning C4244: “初始化”: 从“int”转换到“float”，可能丢失数据
D:\大二下\ComputerGraphicProject\Lesson2_Painter\Lesson2_Painter_ReferenceCode\Canvas\canvas.cpp(724,20): warning C4244: “初始化”: 从“int”转换到“float”，可能丢失数据
D:\大二下\ComputerGraphicProject\Lesson2_Painter\Lesson2_Painter_ReferenceCode\Canvas\canvas.cpp(729,15): warning C4244: “初始化”: 从“double”转换到“float”，可能丢失数据
D:\大二下\ComputerGraphicProject\Lesson2_Painter\Lesson2_Painter_ReferenceCode\Canvas\canvas.cpp(749,17): warning C4244: “初始化”: 从“double”转换到“float”，可能丢失数据
D:\大二下\ComputerGraphicProject\Lesson2_Painter\Lesson2_Painter_ReferenceCode\Canvas\canvas.cpp(750,17): warning C4244: “初始化”: 从“double”转换到“float”，可能丢失数据
D:\大二下\ComputerGraphicProject\Lesson2_Painter\Lesson2_Painter_ReferenceCode\Canvas\canvas.cpp(753,19): warning C4244: “初始化”: 从“int”转换到“float”，可能丢失数据
D:\大二下\ComputerGraphicProject\Lesson2_Painter\Lesson2_Painter_ReferenceCode\Canvas\canvas.cpp(754,19): warning C4244: “初始化”: 从“int”转换到“float”，可能丢失数据
D:\大二下\ComputerGraphicProject\Lesson2_Painter\Lesson2_Painter_ReferenceCode\Canvas\canvas.cpp(759,14): warning C4244: “初始化”: 从“double”转换到“float”，可能丢失数据
D:\大二下\ComputerGraphicProject\Lesson2_Painter\Lesson2_Painter_ReferenceCode\Canvas\canvas.cpp(770,23): warning C4244: “=”: 从“int”转换到“float”，可能丢失数据
D:\大二下\ComputerGraphicProject\Lesson2_Painter\Lesson2_Painter_ReferenceCode\Canvas\canvas.cpp(771,23): warning C4244: “=”: 从“int”转换到“float”，可能丢失数据
D:\大二下\ComputerGraphicProject\Lesson2_Painter\Lesson2_Painter_ReferenceCode\Canvas\canvas.cpp(777,23): warning C4244: “=”: 从“int”转换到“float”，可能丢失数据
D:\大二下\ComputerGraphicProject\Lesson2_Painter\Lesson2_Painter_ReferenceCode\Canvas\canvas.cpp(778,23): warning C4244: “=”: 从“int”转换到“float”，可能丢失数据
D:\大二下\ComputerGraphicProject\Lesson2_Painter\Lesson2_Painter_ReferenceCode\Canvas\canvas.cpp(787,20): warning C4244: “=”: 从“int”转换到“float”，可能丢失数据
D:\大二下\ComputerGraphicProject\Lesson2_Painter\Lesson2_Painter_ReferenceCode\Canvas\canvas.cpp(788,20): warning C4244: “=”: 从“int”转换到“float”，可能丢失数据
  Canvas.vcxproj -> D:\大二下\ComputerGraphicProject\Lesson2_Painter\Lesson2_Painter_ReferenceCode\Canvas\Debug\Canvas.exe
