e:\教学\图形程序设计实践\week 2 参考资料\texture\texture\debug\c.obj
e:\教学\图形程序设计实践\week 2 参考资料\texture\texture\debug\vc100.pdb
e:\教学\图形程序设计实践\week 2 参考资料\texture\texture\debug\texture.obj
e:\教学\图形程序设计实践\week 2 参考资料\texture\debug\texture.exe
e:\教学\图形程序设计实践\week 2 参考资料\texture\texture\debug\texture.exe.intermediate.manifest
e:\教学\图形程序设计实践\week 2 参考资料\texture\debug\texture.pdb
d:\大二下\computergraphicproject\lesson1_robot_animation\lesson1_robotanimation_referencecode\texture\texture\debug\texture.vcxprojresolveassemblyreference.cache
d:\大二下\computergraphicproject\lesson1_robot_animation\lesson1_robotanimation_referencecode\texture\texture\debug\c.obj
d:\大二下\computergraphicproject\lesson1_robot_animation\lesson1_robotanimation_referencecode\texture\texture\debug\texture.obj
d:\大二下\computergraphicproject\lesson1_robot_animation\lesson1_robotanimation_referencecode\texture\texture\debug\cl.command.1.tlog
d:\大二下\computergraphicproject\lesson1_robot_animation\lesson1_robotanimation_referencecode\texture\texture\debug\cl.read.1.tlog
d:\大二下\computergraphicproject\lesson1_robot_animation\lesson1_robotanimation_referencecode\texture\texture\debug\cl.write.1.tlog
d:\大二下\computergraphicproject\lesson1_robot_animation\lesson1_robotanimation_referencecode\texture\texture\debug\link.command.1.tlog
d:\大二下\computergraphicproject\lesson1_robot_animation\lesson1_robotanimation_referencecode\texture\texture\debug\link.read.1.tlog
d:\大二下\computergraphicproject\lesson1_robot_animation\lesson1_robotanimation_referencecode\texture\texture\debug\link.write.1.tlog
d:\大二下\computergraphicproject\lesson1_robot_animation\lesson1_robotanimation_referencecode\texture\texture\debug\mt.command.1.tlog
d:\大二下\computergraphicproject\lesson1_robot_animation\lesson1_robotanimation_referencecode\texture\texture\debug\mt.read.1.tlog
d:\大二下\computergraphicproject\lesson1_robot_animation\lesson1_robotanimation_referencecode\texture\texture\debug\mt.write.1.tlog
d:\大二下\computergraphicproject\lesson1_robot_animation\lesson1_robotanimation_referencecode\texture\texture\debug\texture.write.1.tlog
d:\大二下\computergraphicproject\lesson1_robot_animation\lesson1_robotanimation_referencecode\texture\texture\debug\texture.exe.intermediate.manifest
d:\大二下\computergraphicproject\lesson1_robot_animation\lesson1_robotanimation_referencecode\texture\texture\debug\vc100.idb
d:\大二下\computergraphicproject\lesson1_robot_animation\lesson1_robotanimation_referencecode\texture\texture\debug\vc100.pdb
d:\大二下\computergraphicproject\lesson1_robot_animation\lesson1_robotanimation_referencecode\texture\debug\texture.pdb
d:\大二下\computergraphicproject\lesson1_robot_animation\lesson1_robotanimation_referencecode\texture\debug\texture.exe
