e:\教学\图形程序设计实践\week 1 参考资料\scene_wander2\scene_wander2\debug\scene_wander2.obj
e:\教学\图形程序设计实践\week 1 参考资料\scene_wander2\scene_wander2\debug\vc100.pdb
e:\教学\图形程序设计实践\week 1 参考资料\scene_wander2\debug\scene_wander2.exe
e:\教学\图形程序设计实践\week 1 参考资料\scene_wander2\scene_wander2\debug\scene_wander2.exe.intermediate.manifest
e:\教学\图形程序设计实践\week 1 参考资料\scene_wander2\debug\scene_wander2.pdb
d:\computergraphic\cg-project\lesson1_robot_animation\lesson1_robotanimation_referencecode\scene_wander2\scene_wander2\debug\scene_wander2.vcxprojresolveassemblyreference.cache
d:\computergraphic\cg-project\lesson1_robot_animation\lesson1_robotanimation_referencecode\scene_wander2\scene_wander2\debug\scene_wander2.obj
d:\computergraphic\cg-project\lesson1_robot_animation\lesson1_robotanimation_referencecode\scene_wander2\scene_wander2\debug\cl.command.1.tlog
d:\computergraphic\cg-project\lesson1_robot_animation\lesson1_robotanimation_referencecode\scene_wander2\scene_wander2\debug\cl.read.1.tlog
d:\computergraphic\cg-project\lesson1_robot_animation\lesson1_robotanimation_referencecode\scene_wander2\scene_wander2\debug\cl.write.1.tlog
d:\computergraphic\cg-project\lesson1_robot_animation\lesson1_robotanimation_referencecode\scene_wander2\scene_wander2\debug\link.command.1.tlog
d:\computergraphic\cg-project\lesson1_robot_animation\lesson1_robotanimation_referencecode\scene_wander2\scene_wander2\debug\link.read.1.tlog
d:\computergraphic\cg-project\lesson1_robot_animation\lesson1_robotanimation_referencecode\scene_wander2\scene_wander2\debug\link.write.1.tlog
d:\computergraphic\cg-project\lesson1_robot_animation\lesson1_robotanimation_referencecode\scene_wander2\scene_wander2\debug\mt.command.1.tlog
d:\computergraphic\cg-project\lesson1_robot_animation\lesson1_robotanimation_referencecode\scene_wander2\scene_wander2\debug\mt.read.1.tlog
d:\computergraphic\cg-project\lesson1_robot_animation\lesson1_robotanimation_referencecode\scene_wander2\scene_wander2\debug\mt.write.1.tlog
d:\computergraphic\cg-project\lesson1_robot_animation\lesson1_robotanimation_referencecode\scene_wander2\scene_wander2\debug\scene_wander2.write.1.tlog
d:\computergraphic\cg-project\lesson1_robot_animation\lesson1_robotanimation_referencecode\scene_wander2\scene_wander2\debug\scene_wander2.exe.intermediate.manifest
d:\computergraphic\cg-project\lesson1_robot_animation\lesson1_robotanimation_referencecode\scene_wander2\scene_wander2\debug\vc100.idb
d:\computergraphic\cg-project\lesson1_robot_animation\lesson1_robotanimation_referencecode\scene_wander2\scene_wander2\debug\vc100.pdb
d:\computergraphic\cg-project\lesson1_robot_animation\lesson1_robotanimation_referencecode\scene_wander2\debug\scene_wander2.pdb
d:\computergraphic\cg-project\lesson1_robot_animation\lesson1_robotanimation_referencecode\scene_wander2\debug\scene_wander2.exe
