e:\教学\图形程序设计实践\week 2 参考资料\light_texture_blend\light_texture_blend\debug\texture.obj
e:\教学\图形程序设计实践\week 2 参考资料\light_texture_blend\light_texture_blend\debug\vc100.pdb
e:\教学\图形程序设计实践\week 2 参考资料\light_texture_blend\debug\light_texture_blend.exe
e:\教学\图形程序设计实践\week 2 参考资料\light_texture_blend\light_texture_blend\debug\light_texture_blend.exe.intermediate.manifest
e:\教学\图形程序设计实践\week 2 参考资料\light_texture_blend\debug\light_texture_blend.pdb
d:\大二下\computergraphicproject\lesson1_robot_animation\lesson1_robotanimation_referencecode\light_texture_blend\light_texture_blend\debug\vc142.pdb
d:\大二下\computergraphicproject\lesson1_robot_animation\lesson1_robotanimation_referencecode\light_texture_blend\light_texture_blend\debug\vc142.idb
d:\大二下\computergraphicproject\lesson1_robot_animation\lesson1_robotanimation_referencecode\light_texture_blend\light_texture_blend\debug\texture.obj
d:\大二下\computergraphicproject\lesson1_robot_animation\lesson1_robotanimation_referencecode\light_texture_blend\light_texture_blend\debug\light_texture_blend.vcxprojresolveassemblyreference.cache
d:\大二下\computergraphicproject\lesson1_robot_animation\lesson1_robotanimation_referencecode\light_texture_blend\light_texture_blend\debug\cl.command.1.tlog
d:\大二下\computergraphicproject\lesson1_robot_animation\lesson1_robotanimation_referencecode\light_texture_blend\light_texture_blend\debug\cl.read.1.tlog
d:\大二下\computergraphicproject\lesson1_robot_animation\lesson1_robotanimation_referencecode\light_texture_blend\light_texture_blend\debug\cl.write.1.tlog
d:\大二下\computergraphicproject\lesson1_robot_animation\lesson1_robotanimation_referencecode\light_texture_blend\light_texture_blend\debug\light_texture_blend.write.1.tlog
d:\大二下\computergraphicproject\lesson1_robot_animation\lesson1_robotanimation_referencecode\light_texture_blend\light_texture_blend\debug\link.command.1.tlog
d:\大二下\computergraphicproject\lesson1_robot_animation\lesson1_robotanimation_referencecode\light_texture_blend\light_texture_blend\debug\link.read.1.tlog
d:\大二下\computergraphicproject\lesson1_robot_animation\lesson1_robotanimation_referencecode\light_texture_blend\light_texture_blend\debug\link.write.1.tlog
d:\大二下\computergraphicproject\lesson1_robot_animation\lesson1_robotanimation_referencecode\light_texture_blend\light_texture_blend\debug\mt.command.1.tlog
d:\大二下\computergraphicproject\lesson1_robot_animation\lesson1_robotanimation_referencecode\light_texture_blend\light_texture_blend\debug\mt.read.1.tlog
d:\大二下\computergraphicproject\lesson1_robot_animation\lesson1_robotanimation_referencecode\light_texture_blend\light_texture_blend\debug\mt.write.1.tlog
d:\大二下\computergraphicproject\lesson1_robot_animation\lesson1_robotanimation_referencecode\light_texture_blend\light_texture_blend\debug\light_texture_blend.exe.intermediate.manifest
d:\大二下\computergraphicproject\lesson1_robot_animation\lesson1_robotanimation_referencecode\light_texture_blend\light_texture_blend\debug\vc100.idb
d:\大二下\computergraphicproject\lesson1_robot_animation\lesson1_robotanimation_referencecode\light_texture_blend\light_texture_blend\debug\vc100.pdb
d:\大二下\computergraphicproject\lesson1_robot_animation\lesson1_robotanimation_referencecode\light_texture_blend\debug\light_texture_blend.pdb
d:\大二下\computergraphicproject\lesson1_robot_animation\lesson1_robotanimation_referencecode\light_texture_blend\light_texture_blend\debug\light_te.47b0c89b.tlog\cl.command.1.tlog
d:\大二下\computergraphicproject\lesson1_robot_animation\lesson1_robotanimation_referencecode\light_texture_blend\light_texture_blend\debug\light_te.47b0c89b.tlog\cl.read.1.tlog
d:\大二下\computergraphicproject\lesson1_robot_animation\lesson1_robotanimation_referencecode\light_texture_blend\light_texture_blend\debug\light_te.47b0c89b.tlog\cl.write.1.tlog
d:\大二下\computergraphicproject\lesson1_robot_animation\lesson1_robotanimation_referencecode\light_texture_blend\light_texture_blend\debug\light_te.47b0c89b.tlog\link-cvtres.read.1.tlog
d:\大二下\computergraphicproject\lesson1_robot_animation\lesson1_robotanimation_referencecode\light_texture_blend\light_texture_blend\debug\light_te.47b0c89b.tlog\link-cvtres.write.1.tlog
d:\大二下\computergraphicproject\lesson1_robot_animation\lesson1_robotanimation_referencecode\light_texture_blend\light_texture_blend\debug\light_te.47b0c89b.tlog\link-rc.read.1.tlog
d:\大二下\computergraphicproject\lesson1_robot_animation\lesson1_robotanimation_referencecode\light_texture_blend\light_texture_blend\debug\light_te.47b0c89b.tlog\link-rc.write.1.tlog
d:\大二下\computergraphicproject\lesson1_robot_animation\lesson1_robotanimation_referencecode\light_texture_blend\light_texture_blend\debug\light_te.47b0c89b.tlog\link.command.1.tlog
d:\大二下\computergraphicproject\lesson1_robot_animation\lesson1_robotanimation_referencecode\light_texture_blend\light_texture_blend\debug\light_te.47b0c89b.tlog\link.read.1.tlog
d:\大二下\computergraphicproject\lesson1_robot_animation\lesson1_robotanimation_referencecode\light_texture_blend\light_texture_blend\debug\light_te.47b0c89b.tlog\link.write.1.tlog
