e:\教学\图形程序设计实践\week 1 参考资料\plane_radar\plane_radar\debug\plane_radar.obj
e:\教学\图形程序设计实践\week 1 参考资料\plane_radar\plane_radar\debug\vc100.pdb
e:\教学\图形程序设计实践\week 1 参考资料\plane_radar\debug\plane_radar.exe
e:\教学\图形程序设计实践\week 1 参考资料\plane_radar\plane_radar\debug\plane_radar.exe.intermediate.manifest
e:\教学\图形程序设计实践\week 1 参考资料\plane_radar\debug\plane_radar.pdb
e:\教学\图形程序设计实践\week 1 参考资料\plane_radar\plane_radar\debug\plane_radar.exe.embed.manifest.res
d:\大二下\计算机图形学实训\作业1参考代码2\参考代码\plane_radar\plane_radar\debug\plane_radar.obj
d:\大二下\计算机图形学实训\作业1参考代码2\参考代码\plane_radar\plane_radar\debug\cl.command.1.tlog
d:\大二下\计算机图形学实训\作业1参考代码2\参考代码\plane_radar\plane_radar\debug\cl.read.1.tlog
d:\大二下\计算机图形学实训\作业1参考代码2\参考代码\plane_radar\plane_radar\debug\cl.write.1.tlog
d:\大二下\计算机图形学实训\作业1参考代码2\参考代码\plane_radar\plane_radar\debug\link.command.1.tlog
d:\大二下\计算机图形学实训\作业1参考代码2\参考代码\plane_radar\plane_radar\debug\link.read.1.tlog
d:\大二下\计算机图形学实训\作业1参考代码2\参考代码\plane_radar\plane_radar\debug\link.write.1.tlog
d:\大二下\计算机图形学实训\作业1参考代码2\参考代码\plane_radar\plane_radar\debug\mt.command.1.tlog
d:\大二下\计算机图形学实训\作业1参考代码2\参考代码\plane_radar\plane_radar\debug\mt.read.1.tlog
d:\大二下\计算机图形学实训\作业1参考代码2\参考代码\plane_radar\plane_radar\debug\mt.write.1.tlog
d:\大二下\计算机图形学实训\作业1参考代码2\参考代码\plane_radar\plane_radar\debug\plane_radar.write.1.tlog
d:\大二下\计算机图形学实训\作业1参考代码2\参考代码\plane_radar\plane_radar\debug\rc.command.1.tlog
d:\大二下\计算机图形学实训\作业1参考代码2\参考代码\plane_radar\plane_radar\debug\rc.read.1.tlog
d:\大二下\计算机图形学实训\作业1参考代码2\参考代码\plane_radar\plane_radar\debug\rc.write.1.tlog
d:\大二下\计算机图形学实训\作业1参考代码2\参考代码\plane_radar\plane_radar\debug\plane_radar.exe.embed.manifest
d:\大二下\计算机图形学实训\作业1参考代码2\参考代码\plane_radar\plane_radar\debug\plane_radar.exe.intermediate.manifest
d:\大二下\计算机图形学实训\作业1参考代码2\参考代码\plane_radar\plane_radar\debug\plane_radar.exe.embed.manifest.res
d:\大二下\计算机图形学实训\作业1参考代码2\参考代码\plane_radar\plane_radar\debug\vc100.idb
d:\大二下\计算机图形学实训\作业1参考代码2\参考代码\plane_radar\plane_radar\debug\vc100.pdb
d:\大二下\计算机图形学实训\作业1参考代码2\参考代码\plane_radar\plane_radar\debug\plane_radar_manifest.rc
d:\大二下\计算机图形学实训\作业1参考代码2\参考代码\plane_radar\debug\plane_radar.pdb
d:\大二下\计算机图形学实训\作业1参考代码2\参考代码\plane_radar\debug\plane_radar.exe
