e:\教学\图形程序设计实践\week 2 参考资料\fog\fog\debug\vc100.pdb
e:\教学\图形程序设计实践\week 2 参考资料\fog\fog\debug\fog.obj
e:\教学\图形程序设计实践\week 2 参考资料\fog\debug\fog.exe
e:\教学\图形程序设计实践\week 2 参考资料\fog\fog\debug\fog.exe.intermediate.manifest
e:\教学\图形程序设计实践\week 2 参考资料\fog\debug\fog.pdb
e:\教学\图形程序设计实践\week 2 参考资料\fog\fog\debug\fog.exe.embed.manifest.res
d:\大二下\computergraphicproject\lesson1_robot_animation\lesson1_robotanimation_referencecode\fog\fog\debug\fog.obj
d:\大二下\computergraphicproject\lesson1_robot_animation\lesson1_robotanimation_referencecode\fog\fog\debug\cl.command.1.tlog
d:\大二下\computergraphicproject\lesson1_robot_animation\lesson1_robotanimation_referencecode\fog\fog\debug\cl.read.1.tlog
d:\大二下\computergraphicproject\lesson1_robot_animation\lesson1_robotanimation_referencecode\fog\fog\debug\cl.write.1.tlog
d:\大二下\computergraphicproject\lesson1_robot_animation\lesson1_robotanimation_referencecode\fog\fog\debug\fog.write.1.tlog
d:\大二下\computergraphicproject\lesson1_robot_animation\lesson1_robotanimation_referencecode\fog\fog\debug\link.command.1.tlog
d:\大二下\computergraphicproject\lesson1_robot_animation\lesson1_robotanimation_referencecode\fog\fog\debug\link.read.1.tlog
d:\大二下\computergraphicproject\lesson1_robot_animation\lesson1_robotanimation_referencecode\fog\fog\debug\link.write.1.tlog
d:\大二下\computergraphicproject\lesson1_robot_animation\lesson1_robotanimation_referencecode\fog\fog\debug\mt.command.1.tlog
d:\大二下\computergraphicproject\lesson1_robot_animation\lesson1_robotanimation_referencecode\fog\fog\debug\mt.read.1.tlog
d:\大二下\computergraphicproject\lesson1_robot_animation\lesson1_robotanimation_referencecode\fog\fog\debug\mt.write.1.tlog
d:\大二下\computergraphicproject\lesson1_robot_animation\lesson1_robotanimation_referencecode\fog\fog\debug\rc.command.1.tlog
d:\大二下\computergraphicproject\lesson1_robot_animation\lesson1_robotanimation_referencecode\fog\fog\debug\rc.read.1.tlog
d:\大二下\computergraphicproject\lesson1_robot_animation\lesson1_robotanimation_referencecode\fog\fog\debug\rc.write.1.tlog
d:\大二下\computergraphicproject\lesson1_robot_animation\lesson1_robotanimation_referencecode\fog\fog\debug\fog.exe.embed.manifest
d:\大二下\computergraphicproject\lesson1_robot_animation\lesson1_robotanimation_referencecode\fog\fog\debug\fog.exe.intermediate.manifest
d:\大二下\computergraphicproject\lesson1_robot_animation\lesson1_robotanimation_referencecode\fog\fog\debug\fog.exe.embed.manifest.res
d:\大二下\computergraphicproject\lesson1_robot_animation\lesson1_robotanimation_referencecode\fog\fog\debug\vc100.idb
d:\大二下\computergraphicproject\lesson1_robot_animation\lesson1_robotanimation_referencecode\fog\fog\debug\vc100.pdb
d:\大二下\computergraphicproject\lesson1_robot_animation\lesson1_robotanimation_referencecode\fog\fog\debug\fog_manifest.rc
d:\大二下\computergraphicproject\lesson1_robot_animation\lesson1_robotanimation_referencecode\fog\debug\fog.pdb
d:\大二下\computergraphicproject\lesson1_robot_animation\lesson1_robotanimation_referencecode\fog\debug\fog.exe
