e:\教学\图形程序设计实践\week 2 参考资料\skybox\skybox\debug\vc100.pdb
e:\教学\图形程序设计实践\week 2 参考资料\skybox\skybox\debug\skybox.obj
e:\教学\图形程序设计实践\week 2 参考资料\skybox\debug\skybox.exe
e:\教学\图形程序设计实践\week 2 参考资料\skybox\skybox\debug\skybox.exe.intermediate.manifest
e:\教学\图形程序设计实践\week 2 参考资料\skybox\debug\skybox.pdb
d:\大二下\computergraphicproject\lesson1_robot_animation\lesson1_robotanimation_referencecode\skybox\skybox\debug\skybox.obj
d:\大二下\computergraphicproject\lesson1_robot_animation\lesson1_robotanimation_referencecode\skybox\skybox\debug\cl.command.1.tlog
d:\大二下\computergraphicproject\lesson1_robot_animation\lesson1_robotanimation_referencecode\skybox\skybox\debug\cl.read.1.tlog
d:\大二下\computergraphicproject\lesson1_robot_animation\lesson1_robotanimation_referencecode\skybox\skybox\debug\cl.write.1.tlog
d:\大二下\computergraphicproject\lesson1_robot_animation\lesson1_robotanimation_referencecode\skybox\skybox\debug\link.command.1.tlog
d:\大二下\computergraphicproject\lesson1_robot_animation\lesson1_robotanimation_referencecode\skybox\skybox\debug\link.read.1.tlog
d:\大二下\computergraphicproject\lesson1_robot_animation\lesson1_robotanimation_referencecode\skybox\skybox\debug\link.write.1.tlog
d:\大二下\computergraphicproject\lesson1_robot_animation\lesson1_robotanimation_referencecode\skybox\skybox\debug\mt.command.1.tlog
d:\大二下\computergraphicproject\lesson1_robot_animation\lesson1_robotanimation_referencecode\skybox\skybox\debug\mt.read.1.tlog
d:\大二下\computergraphicproject\lesson1_robot_animation\lesson1_robotanimation_referencecode\skybox\skybox\debug\mt.write.1.tlog
d:\大二下\computergraphicproject\lesson1_robot_animation\lesson1_robotanimation_referencecode\skybox\skybox\debug\skybox.write.1.tlog
d:\大二下\computergraphicproject\lesson1_robot_animation\lesson1_robotanimation_referencecode\skybox\skybox\debug\skybox.exe.intermediate.manifest
d:\大二下\computergraphicproject\lesson1_robot_animation\lesson1_robotanimation_referencecode\skybox\skybox\debug\vc100.idb
d:\大二下\computergraphicproject\lesson1_robot_animation\lesson1_robotanimation_referencecode\skybox\skybox\debug\vc100.pdb
d:\大二下\computergraphicproject\lesson1_robot_animation\lesson1_robotanimation_referencecode\skybox\debug\skybox.pdb
d:\大二下\computergraphicproject\lesson1_robot_animation\lesson1_robotanimation_referencecode\skybox\debug\skybox.exe
