Build started 2018/6/29 22:37:43.
     1>Project "E:\教学\图形程序设计实践\Week 2 参考资料\blend\blend\blend.vcxproj" on node 2 (build target(s)).
     1>PrepareForBuild:
         Creating directory "E:\教学\图形程序设计实践\Week 2 参考资料\blend\Debug\".
       InitializeBuildStatus:
         Creating "Debug\blend.unsuccessfulbuild" because "AlwaysCreate" was specified.
       ClCompile:
         d:\Program Files (x86)\VC\bin\CL.exe /c /ZI /nologo /W3 /WX- /Od /Oy- /D WIN32 /D _DEBUG /D _CONSOLE /D _UNICODE /D UNICODE /Gm /EHsc /RTC1 /MDd /GS /fp:precise /Zc:wchar_t /Zc:forScope /Fo"Debug\\" /Fd"Debug\vc100.pdb" /Gd /TP /analyze- /errorReport:prompt blend.cpp
         blend.cpp
       Link:
         d:\Program Files (x86)\VC\bin\link.exe /ERRORREPORT:PROMPT /OUT:"E:\教学\图形程序设计实践\Week 2 参考资料\blend\Debug\blend.exe" /INCREMENTAL:NO /NOLOGO kernel32.lib user32.lib gdi32.lib winspool.lib comdlg32.lib advapi32.lib shell32.lib ole32.lib oleaut32.lib uuid.lib odbc32.lib odbccp32.lib /MANIFEST /ManifestFile:"Debug\blend.exe.intermediate.manifest" /MANIFESTUAC:"level='asInvoker' uiAccess='false'" /DEBUG /PDB:"E:\教学\图形程序设计实践\Week 2 参考资料\blend\Debug\blend.pdb" /SUBSYSTEM:CONSOLE /TLBID:1 /DYNAMICBASE /NXCOMPAT /IMPLIB:"E:\教学\图形程序设计实践\Week 2 参考资料\blend\Debug\blend.lib" /MACHINE:X86 Debug\blend.obj
     1>blend.obj : warning LNK4075: ignoring '/EDITANDCONTINUE' due to '/INCREMENTAL:NO' specification
         blend.vcxproj -> E:\教学\图形程序设计实践\Week 2 参考资料\blend\Debug\blend.exe
       Manifest:
         C:\Program Files (x86)\Microsoft SDKs\Windows\v7.0A\bin\mt.exe /nologo /verbose /outputresource:"E:\教学\图形程序设计实践\Week 2 参考资料\blend\Debug\blend.exe;#1" /manifest Debug\blend.exe.intermediate.manifest
       FinalizeBuildStatus:
         Deleting file "Debug\blend.unsuccessfulbuild".
         Touching "Debug\blend.lastbuildstate".
     1>Done Building Project "E:\教学\图形程序设计实践\Week 2 参考资料\blend\blend\blend.vcxproj" (build target(s)).

Build succeeded.

Time Elapsed 00:00:00.27
